Successfully retrieved statistics for job: 29284. 
+------------------------------------------------------------------------------+
| GPU ID: 0                                                                    |
+====================================+=========================================+
|-----  Execution Stats  ------------+-----------------------------------------|
| Start Time                         | Wed Jan  8 12:58:23 2025                |
| End Time                           | Wed Jan  8 13:51:47 2025                |
| Total Execution Time (sec)         | 3204.43                                 |
| No. of Processes                   | 1                                       |
+-----  Performance Stats  ----------+-----------------------------------------+
| Energy Consumed (Joules)           | 277800                                  |
| Power Usage (Watts)                | Avg: 84.7484, Max: 150.228, Min: 35.964 |
| Max GPU Memory Used (bytes)        | 5549064192                              |
| SM Clock (MHz)                     | Avg: 1494, Max: 1597, Min: 1245         |
| Memory Clock (MHz)                 | Avg: 1107, Max: 1107, Min: 1107         |
| SM Utilization (%)                 | Avg: 32, Max: 49, Min: 0                |
| Memory Utilization (%)             | Avg: 16, Max: 30, Min: 0                |
| PCIe Rx Bandwidth (megabytes)      | Avg: N/A, Max: N/A, Min: N/A            |
| PCIe Tx Bandwidth (megabytes)      | Avg: N/A, Max: N/A, Min: N/A            |
+-----  Event Stats  ----------------+-----------------------------------------+
| Single Bit ECC Errors              | 0                                       |
| Double Bit ECC Errors              | 0                                       |
| PCIe Replay Warnings               | 0                                       |
| Critical XID Errors                | 0                                       |
+-----  Slowdown Stats  -------------+-----------------------------------------+
| Due to - Power (%)                 | 0                                       |
|        - Thermal (%)               | 0                                       |
|        - Reliability (%)           | Not Supported                           |
|        - Board Limit (%)           | Not Supported                           |
|        - Low Utilization (%)       | Not Supported                           |
|        - Sync Boost (%)            | 0                                       |
+--  Compute Process Utilization  ---+-----------------------------------------+
| PID                                | 746268                                  |
|     Avg SM Utilization (%)         | 33                                      |
|     Avg Memory Utilization (%)     | 16                                      |
+-----  Overall Health  -------------+-----------------------------------------+
| Overall Health                     | Healthy                                 |
+------------------------------------+-----------------------------------------+

