Successfully retrieved statistics for job: 29351. 
+------------------------------------------------------------------------------+
| GPU ID: 0                                                                    |
+====================================+=========================================+
|-----  Execution Stats  ------------+-----------------------------------------|
| Start Time                         | Thu Jan  9 00:08:21 2025                |
| End Time                           | Thu Jan  9 00:10:37 2025                |
| Total Execution Time (sec)         | 136.17                                  |
| No. of Processes                   | 1                                       |
+-----  Performance Stats  ----------+-----------------------------------------+
| Energy Consumed (Joules)           | 3846                                    |
| Power Usage (Watts)                | Avg: 38.8304, Max: 54.175, Min: 25.407  |
| Max GPU Memory Used (bytes)        | 1405091840                              |
| SM Clock (MHz)                     | Avg: 1023, Max: 1245, Min: 135          |
| Memory Clock (MHz)                 | Avg: 1107, Max: 1107, Min: 1107         |
| SM Utilization (%)                 | Avg: 8, Max: 18, Min: 0                 |
| Memory Utilization (%)             | Avg: 0, Max: 1, Min: 0                  |
| PCIe Rx Bandwidth (megabytes)      | Avg: N/A, Max: N/A, Min: N/A            |
| PCIe Tx Bandwidth (megabytes)      | Avg: N/A, Max: N/A, Min: N/A            |
+-----  Event Stats  ----------------+-----------------------------------------+
| Single Bit ECC Errors              | 0                                       |
| Double Bit ECC Errors              | 0                                       |
| PCIe Replay Warnings               | 0                                       |
| Critical XID Errors                | 0                                       |
+-----  Slowdown Stats  -------------+-----------------------------------------+
| Due to - Power (%)                 | 0                                       |
|        - Thermal (%)               | 0                                       |
|        - Reliability (%)           | Not Supported                           |
|        - Board Limit (%)           | Not Supported                           |
|        - Low Utilization (%)       | Not Supported                           |
|        - Sync Boost (%)            | 0                                       |
+--  Compute Process Utilization  ---+-----------------------------------------+
| PID                                | 1237718                                 |
|     Avg SM Utilization (%)         | 11                                      |
|     Avg Memory Utilization (%)     | 0                                       |
+-----  Overall Health  -------------+-----------------------------------------+
| Overall Health                     | Healthy                                 |
+------------------------------------+-----------------------------------------+

