Successfully retrieved statistics for job: 29350. 
+------------------------------------------------------------------------------+
| GPU ID: 0                                                                    |
+====================================+=========================================+
|-----  Execution Stats  ------------+-----------------------------------------|
| Start Time                         | Thu Jan  9 00:08:21 2025                |
| End Time                           | Thu Jan  9 00:12:29 2025                |
| Total Execution Time (sec)         | 247.96                                  |
| No. of Processes                   | 1                                       |
+-----  Performance Stats  ----------+-----------------------------------------+
| Energy Consumed (Joules)           | 15256                                   |
| Power Usage (Watts)                | Avg: 65.2176, Max: 66.088, Min: 63.943  |
| Max GPU Memory Used (bytes)        | 3988783104                              |
| SM Clock (MHz)                     | Avg: 1235, Max: 1275, Min: 1230         |
| Memory Clock (MHz)                 | Avg: 6500, Max: 6500, Min: 6500         |
| SM Utilization (%)                 | Avg: 1, Max: 9, Min: 0                  |
| Memory Utilization (%)             | Avg: 0, Max: 5, Min: 0                  |
| PCIe Rx Bandwidth (megabytes)      | Avg: N/A, Max: N/A, Min: N/A            |
| PCIe Tx Bandwidth (megabytes)      | Avg: N/A, Max: N/A, Min: N/A            |
+-----  Event Stats  ----------------+-----------------------------------------+
| Single Bit ECC Errors              | 0                                       |
| Double Bit ECC Errors              | 0                                       |
| PCIe Replay Warnings               | 0                                       |
| Critical XID Errors                | 0                                       |
+-----  Slowdown Stats  -------------+-----------------------------------------+
| Due to - Power (%)                 | 0                                       |
|        - Thermal (%)               | 0                                       |
|        - Reliability (%)           | Not Supported                           |
|        - Board Limit (%)           | Not Supported                           |
|        - Low Utilization (%)       | Not Supported                           |
|        - Sync Boost (%)            | 0                                       |
+--  Compute Process Utilization  ---+-----------------------------------------+
| PID                                | 1314645                                 |
|     Avg SM Utilization (%)         | 1                                       |
|     Avg Memory Utilization (%)     | 0                                       |
+-----  Overall Health  -------------+-----------------------------------------+
| Overall Health                     | Healthy                                 |
+------------------------------------+-----------------------------------------+

