Successfully retrieved statistics for job: 29352. 
+------------------------------------------------------------------------------+
| GPU ID: 0                                                                    |
+====================================+=========================================+
|-----  Execution Stats  ------------+-----------------------------------------|
| Start Time                         | Thu Jan  9 00:08:43 2025                |
| End Time                           | Thu Jan  9 00:36:17 2025                |
| Total Execution Time (sec)         | 1654.4                                  |
| No. of Processes                   | 1                                       |
+-----  Performance Stats  ----------+-----------------------------------------+
| Energy Consumed (Joules)           | 151986                                  |
| Power Usage (Watts)                | Avg: 89.8924, Max: 157.437, Min: 24.725 |
| Max GPU Memory Used (bytes)        | 5345640448                              |
| SM Clock (MHz)                     | Avg: 1455, Max: 1597, Min: 135          |
| Memory Clock (MHz)                 | Avg: 1107, Max: 1107, Min: 1107         |
| SM Utilization (%)                 | Avg: 31, Max: 55, Min: 0                |
| Memory Utilization (%)             | Avg: 16, Max: 36, Min: 0                |
| PCIe Rx Bandwidth (megabytes)      | Avg: N/A, Max: N/A, Min: N/A            |
| PCIe Tx Bandwidth (megabytes)      | Avg: N/A, Max: N/A, Min: N/A            |
+-----  Event Stats  ----------------+-----------------------------------------+
| Single Bit ECC Errors              | 0                                       |
| Double Bit ECC Errors              | 0                                       |
| PCIe Replay Warnings               | 0                                       |
| Critical XID Errors                | 0                                       |
+-----  Slowdown Stats  -------------+-----------------------------------------+
| Due to - Power (%)                 | 0                                       |
|        - Thermal (%)               | 0                                       |
|        - Reliability (%)           | Not Supported                           |
|        - Board Limit (%)           | Not Supported                           |
|        - Low Utilization (%)       | Not Supported                           |
|        - Sync Boost (%)            | 0                                       |
+--  Compute Process Utilization  ---+-----------------------------------------+
| PID                                | 1313742                                 |
|     Avg SM Utilization (%)         | 33                                      |
|     Avg Memory Utilization (%)     | 16                                      |
+-----  Overall Health  -------------+-----------------------------------------+
| Overall Health                     | Healthy                                 |
+------------------------------------+-----------------------------------------+

